2016-02-17 15:06:46,615 - Log4JLogChute initialized using file 'velocity.log'
2016-02-17 15:06:46,616 - Initializing Velocity, Calling init()...
2016-02-17 15:06:46,616 - Starting Apache Velocity v1.7 (compiled: 2010-11-19 12:14:37)
2016-02-17 15:06:46,616 - Default Properties File: org\apache\velocity\runtime\defaults\velocity.properties
2016-02-17 15:06:46,616 - Trying to use logger class org.apache.velocity.runtime.log.AvalonLogChute
2016-02-17 15:06:46,616 - Target log system for org.apache.velocity.runtime.log.AvalonLogChute is not available (java.lang.NoClassDefFoundError: org/apache/log/format/Formatter).  Falling back to next log system...
2016-02-17 15:06:46,616 - Trying to use logger class org.apache.velocity.runtime.log.Log4JLogChute
2016-02-17 15:06:46,616 - Using logger class org.apache.velocity.runtime.log.Log4JLogChute
2016-02-17 15:06:46,618 - ResourceLoader instantiated: org.apache.velocity.runtime.resource.loader.ClasspathResourceLoader
2016-02-17 15:06:46,628 - ResourceCache: initialized (class org.apache.velocity.runtime.resource.ResourceCacheImpl) with class java.util.Collections$SynchronizedMap cache map.
2016-02-17 15:06:46,628 - Loaded System Directive: org.apache.velocity.runtime.directive.Stop
2016-02-17 15:06:46,628 - Loaded System Directive: org.apache.velocity.runtime.directive.Define
2016-02-17 15:06:46,628 - Loaded System Directive: org.apache.velocity.runtime.directive.Break
2016-02-17 15:06:46,628 - Loaded System Directive: org.apache.velocity.runtime.directive.Evaluate
2016-02-17 15:06:46,628 - Loaded System Directive: org.apache.velocity.runtime.directive.Literal
2016-02-17 15:06:46,628 - Loaded System Directive: org.apache.velocity.runtime.directive.Macro
2016-02-17 15:06:46,628 - Loaded System Directive: org.apache.velocity.runtime.directive.Parse
2016-02-17 15:06:46,628 - Loaded System Directive: org.apache.velocity.runtime.directive.Include
2016-02-17 15:06:46,628 - Loaded System Directive: org.apache.velocity.runtime.directive.Foreach
2016-02-17 15:06:46,658 - Created '20' parsers.
2016-02-17 15:06:46,658 - Velocimacro : "velocimacro.library" is not set.  Trying default library: VM_global_library.vm
2016-02-17 15:06:46,658 - Could not load resource 'VM_global_library.vm' from ResourceLoader org.apache.velocity.runtime.resource.loader.ClasspathResourceLoader: ClasspathResourceLoader Error: cannot find resource VM_global_library.vm
2016-02-17 15:06:46,658 - Velocimacro : Default library not found.
2016-02-17 15:06:46,658 - Velocimacro : allowInline = true : VMs can be defined inline in templates
2016-02-17 15:06:46,658 - Velocimacro : allowInlineToOverride = false : VMs defined inline may NOT replace previous VM definitions
2016-02-17 15:06:46,658 - Velocimacro : allowInlineLocal = false : VMs defined inline will be global in scope if allowed.
2016-02-17 15:06:46,658 - Velocimacro : autoload off : VM system will not automatically reload global library macros
2016-02-17 15:06:46,898 - ResourceManager : found template/model.vm with loader org.apache.velocity.runtime.resource.loader.ClasspathResourceLoader
2016-02-17 15:06:46,908 - ResourceManager : found template/mapper.vm with loader org.apache.velocity.runtime.resource.loader.ClasspathResourceLoader
2016-02-17 15:06:46,958 - ResourceManager : found template/provider.vm with loader org.apache.velocity.runtime.resource.loader.ClasspathResourceLoader
2016-02-17 15:06:46,958 - ResourceManager : found template/query.vm with loader org.apache.velocity.runtime.resource.loader.ClasspathResourceLoader
2016-02-17 15:06:46,958 - ResourceManager : found template/service.vm with loader org.apache.velocity.runtime.resource.loader.ClasspathResourceLoader
2016-02-17 15:06:46,958 - ResourceManager : found template/serviceImpl.vm with loader org.apache.velocity.runtime.resource.loader.ClasspathResourceLoader
2016-02-17 15:06:46,958 - Left side ($!{isDatabaseShard}) of '==' operation has null value. If it is a reference, it may not be in the context or its toString() returned null. template/serviceImpl.vm[line 24, column 39]
2016-02-17 15:06:46,958 - Left side ($!{isDatabaseShard}) of '==' operation has null value. If it is a reference, it may not be in the context or its toString() returned null. template/serviceImpl.vm[line 32, column 39]
2016-02-17 15:06:46,958 - Left side ($!{isDatabaseShard}) of '==' operation has null value. If it is a reference, it may not be in the context or its toString() returned null. template/serviceImpl.vm[line 38, column 35]
2016-02-17 15:06:46,958 - Left side ($!{isDatabaseShard}) of '==' operation has null value. If it is a reference, it may not be in the context or its toString() returned null. template/serviceImpl.vm[line 57, column 39]
2016-02-17 15:06:46,958 - Left side ($!{isDatabaseShard}) of '==' operation has null value. If it is a reference, it may not be in the context or its toString() returned null. template/serviceImpl.vm[line 65, column 39]
2016-02-17 15:06:46,968 - Left side ($!{isDatabaseShard}) of '==' operation has null value. If it is a reference, it may not be in the context or its toString() returned null. template/serviceImpl.vm[line 74, column 39]
2016-02-17 15:06:46,968 - Left side ($!{isDatabaseShard}) of '==' operation has null value. If it is a reference, it may not be in the context or its toString() returned null. template/serviceImpl.vm[line 83, column 39]
2016-02-17 15:06:46,968 - Left side ($!{isDatabaseShard}) of '==' operation has null value. If it is a reference, it may not be in the context or its toString() returned null. template/serviceImpl.vm[line 92, column 39]
2016-02-17 15:06:46,968 - ResourceManager : found template/mybatis_xml.vm with loader org.apache.velocity.runtime.resource.loader.ClasspathResourceLoader
2016-02-17 15:06:46,968 - Left side ($velocotyCount) of '==' operation has null value. If it is a reference, it may not be in the context or its toString() returned null. template/mybatis_xml.vm[line 9, column 41]
2016-02-17 15:06:46,968 - Left side ($velocotyCount) of '==' operation has null value. If it is a reference, it may not be in the context or its toString() returned null. template/mybatis_xml.vm[line 9, column 41]
2016-02-17 15:06:46,968 - Left side ($velocotyCount) of '==' operation has null value. If it is a reference, it may not be in the context or its toString() returned null. template/mybatis_xml.vm[line 9, column 41]
2016-02-17 15:06:46,968 - Left side ($velocotyCount) of '==' operation has null value. If it is a reference, it may not be in the context or its toString() returned null. template/mybatis_xml.vm[line 9, column 41]
2016-02-17 15:06:46,968 - Left side ($velocotyCount) of '==' operation has null value. If it is a reference, it may not be in the context or its toString() returned null. template/mybatis_xml.vm[line 9, column 41]
2016-02-17 15:06:46,968 - Left side ($velocotyCount) of '==' operation has null value. If it is a reference, it may not be in the context or its toString() returned null. template/mybatis_xml.vm[line 9, column 41]
2016-02-17 15:06:46,968 - Left side ($velocotyCount) of '==' operation has null value. If it is a reference, it may not be in the context or its toString() returned null. template/mybatis_xml.vm[line 9, column 41]
2016-02-17 15:06:46,968 - Left side ($velocotyCount) of '==' operation has null value. If it is a reference, it may not be in the context or its toString() returned null. template/mybatis_xml.vm[line 9, column 41]
2016-02-17 15:07:09,699 - Log4JLogChute initialized using file 'velocity.log'
2016-02-17 15:07:09,699 - Initializing Velocity, Calling init()...
2016-02-17 15:07:09,699 - Starting Apache Velocity v1.7 (compiled: 2010-11-19 12:14:37)
2016-02-17 15:07:09,699 - Default Properties File: org\apache\velocity\runtime\defaults\velocity.properties
2016-02-17 15:07:09,699 - Trying to use logger class org.apache.velocity.runtime.log.AvalonLogChute
2016-02-17 15:07:09,699 - Target log system for org.apache.velocity.runtime.log.AvalonLogChute is not available (java.lang.NoClassDefFoundError: org/apache/log/format/Formatter).  Falling back to next log system...
2016-02-17 15:07:09,699 - Trying to use logger class org.apache.velocity.runtime.log.Log4JLogChute
2016-02-17 15:07:09,699 - Using logger class org.apache.velocity.runtime.log.Log4JLogChute
2016-02-17 15:07:09,699 - ResourceLoader instantiated: org.apache.velocity.runtime.resource.loader.ClasspathResourceLoader
2016-02-17 15:07:09,709 - ResourceCache: initialized (class org.apache.velocity.runtime.resource.ResourceCacheImpl) with class java.util.Collections$SynchronizedMap cache map.
2016-02-17 15:07:09,709 - Loaded System Directive: org.apache.velocity.runtime.directive.Stop
2016-02-17 15:07:09,709 - Loaded System Directive: org.apache.velocity.runtime.directive.Define
2016-02-17 15:07:09,709 - Loaded System Directive: org.apache.velocity.runtime.directive.Break
2016-02-17 15:07:09,709 - Loaded System Directive: org.apache.velocity.runtime.directive.Evaluate
2016-02-17 15:07:09,709 - Loaded System Directive: org.apache.velocity.runtime.directive.Literal
2016-02-17 15:07:09,709 - Loaded System Directive: org.apache.velocity.runtime.directive.Macro
2016-02-17 15:07:09,709 - Loaded System Directive: org.apache.velocity.runtime.directive.Parse
2016-02-17 15:07:09,719 - Loaded System Directive: org.apache.velocity.runtime.directive.Include
2016-02-17 15:07:09,719 - Loaded System Directive: org.apache.velocity.runtime.directive.Foreach
2016-02-17 15:07:09,739 - Created '20' parsers.
2016-02-17 15:07:09,739 - Velocimacro : "velocimacro.library" is not set.  Trying default library: VM_global_library.vm
2016-02-17 15:07:09,739 - Could not load resource 'VM_global_library.vm' from ResourceLoader org.apache.velocity.runtime.resource.loader.ClasspathResourceLoader: ClasspathResourceLoader Error: cannot find resource VM_global_library.vm
2016-02-17 15:07:09,739 - Velocimacro : Default library not found.
2016-02-17 15:07:09,739 - Velocimacro : allowInline = true : VMs can be defined inline in templates
2016-02-17 15:07:09,739 - Velocimacro : allowInlineToOverride = false : VMs defined inline may NOT replace previous VM definitions
2016-02-17 15:07:09,739 - Velocimacro : allowInlineLocal = false : VMs defined inline will be global in scope if allowed.
2016-02-17 15:07:09,739 - Velocimacro : autoload off : VM system will not automatically reload global library macros
2016-02-17 15:07:09,979 - ResourceManager : found template/model.vm with loader org.apache.velocity.runtime.resource.loader.ClasspathResourceLoader
2016-02-17 15:07:09,989 - ResourceManager : found template/mapper.vm with loader org.apache.velocity.runtime.resource.loader.ClasspathResourceLoader
2016-02-17 15:07:10,029 - ResourceManager : found template/provider.vm with loader org.apache.velocity.runtime.resource.loader.ClasspathResourceLoader
2016-02-17 15:07:10,039 - ResourceManager : found template/query.vm with loader org.apache.velocity.runtime.resource.loader.ClasspathResourceLoader
2016-02-17 15:07:10,039 - ResourceManager : found template/service.vm with loader org.apache.velocity.runtime.resource.loader.ClasspathResourceLoader
2016-02-17 15:07:10,039 - ResourceManager : found template/serviceImpl.vm with loader org.apache.velocity.runtime.resource.loader.ClasspathResourceLoader
2016-02-17 15:07:10,039 - Left side ($!{isDatabaseShard}) of '==' operation has null value. If it is a reference, it may not be in the context or its toString() returned null. template/serviceImpl.vm[line 24, column 39]
2016-02-17 15:07:10,039 - Left side ($!{isDatabaseShard}) of '==' operation has null value. If it is a reference, it may not be in the context or its toString() returned null. template/serviceImpl.vm[line 32, column 39]
2016-02-17 15:07:10,039 - Left side ($!{isDatabaseShard}) of '==' operation has null value. If it is a reference, it may not be in the context or its toString() returned null. template/serviceImpl.vm[line 38, column 35]
2016-02-17 15:07:10,039 - Left side ($!{isDatabaseShard}) of '==' operation has null value. If it is a reference, it may not be in the context or its toString() returned null. template/serviceImpl.vm[line 57, column 39]
2016-02-17 15:07:10,039 - Left side ($!{isDatabaseShard}) of '==' operation has null value. If it is a reference, it may not be in the context or its toString() returned null. template/serviceImpl.vm[line 65, column 39]
2016-02-17 15:07:10,039 - Left side ($!{isDatabaseShard}) of '==' operation has null value. If it is a reference, it may not be in the context or its toString() returned null. template/serviceImpl.vm[line 74, column 39]
2016-02-17 15:07:10,039 - Left side ($!{isDatabaseShard}) of '==' operation has null value. If it is a reference, it may not be in the context or its toString() returned null. template/serviceImpl.vm[line 83, column 39]
2016-02-17 15:07:10,039 - Left side ($!{isDatabaseShard}) of '==' operation has null value. If it is a reference, it may not be in the context or its toString() returned null. template/serviceImpl.vm[line 92, column 39]
2016-02-17 15:07:10,049 - ResourceManager : found template/mybatis_xml.vm with loader org.apache.velocity.runtime.resource.loader.ClasspathResourceLoader
2016-02-17 15:07:10,049 - Left side ($velocotyCount) of '==' operation has null value. If it is a reference, it may not be in the context or its toString() returned null. template/mybatis_xml.vm[line 9, column 41]
2016-02-17 15:07:10,049 - Left side ($velocotyCount) of '==' operation has null value. If it is a reference, it may not be in the context or its toString() returned null. template/mybatis_xml.vm[line 9, column 41]
2016-02-17 15:07:10,049 - Left side ($velocotyCount) of '==' operation has null value. If it is a reference, it may not be in the context or its toString() returned null. template/mybatis_xml.vm[line 9, column 41]
2016-02-17 15:07:10,049 - Left side ($velocotyCount) of '==' operation has null value. If it is a reference, it may not be in the context or its toString() returned null. template/mybatis_xml.vm[line 9, column 41]
2016-02-17 15:07:10,049 - Left side ($velocotyCount) of '==' operation has null value. If it is a reference, it may not be in the context or its toString() returned null. template/mybatis_xml.vm[line 9, column 41]
2016-02-17 15:07:10,049 - Left side ($velocotyCount) of '==' operation has null value. If it is a reference, it may not be in the context or its toString() returned null. template/mybatis_xml.vm[line 9, column 41]
2016-02-17 15:07:10,049 - Left side ($velocotyCount) of '==' operation has null value. If it is a reference, it may not be in the context or its toString() returned null. template/mybatis_xml.vm[line 9, column 41]
2016-02-17 15:21:25,696 - Log4JLogChute initialized using file 'velocity.log'
2016-02-17 15:21:25,696 - Initializing Velocity, Calling init()...
2016-02-17 15:21:25,696 - Starting Apache Velocity v1.7 (compiled: 2010-11-19 12:14:37)
2016-02-17 15:21:25,696 - Default Properties File: org\apache\velocity\runtime\defaults\velocity.properties
2016-02-17 15:21:25,696 - Trying to use logger class org.apache.velocity.runtime.log.AvalonLogChute
2016-02-17 15:21:25,696 - Target log system for org.apache.velocity.runtime.log.AvalonLogChute is not available (java.lang.NoClassDefFoundError: org/apache/log/format/Formatter).  Falling back to next log system...
2016-02-17 15:21:25,696 - Trying to use logger class org.apache.velocity.runtime.log.Log4JLogChute
2016-02-17 15:21:25,696 - Using logger class org.apache.velocity.runtime.log.Log4JLogChute
2016-02-17 15:21:25,706 - ResourceLoader instantiated: org.apache.velocity.runtime.resource.loader.ClasspathResourceLoader
2016-02-17 15:21:25,706 - ResourceCache: initialized (class org.apache.velocity.runtime.resource.ResourceCacheImpl) with class java.util.Collections$SynchronizedMap cache map.
2016-02-17 15:21:25,716 - Loaded System Directive: org.apache.velocity.runtime.directive.Stop
2016-02-17 15:21:25,716 - Loaded System Directive: org.apache.velocity.runtime.directive.Define
2016-02-17 15:21:25,716 - Loaded System Directive: org.apache.velocity.runtime.directive.Break
2016-02-17 15:21:25,716 - Loaded System Directive: org.apache.velocity.runtime.directive.Evaluate
2016-02-17 15:21:25,716 - Loaded System Directive: org.apache.velocity.runtime.directive.Literal
2016-02-17 15:21:25,716 - Loaded System Directive: org.apache.velocity.runtime.directive.Macro
2016-02-17 15:21:25,716 - Loaded System Directive: org.apache.velocity.runtime.directive.Parse
2016-02-17 15:21:25,716 - Loaded System Directive: org.apache.velocity.runtime.directive.Include
2016-02-17 15:21:25,716 - Loaded System Directive: org.apache.velocity.runtime.directive.Foreach
2016-02-17 15:21:25,736 - Created '20' parsers.
2016-02-17 15:21:25,746 - Velocimacro : "velocimacro.library" is not set.  Trying default library: VM_global_library.vm
2016-02-17 15:21:25,746 - Could not load resource 'VM_global_library.vm' from ResourceLoader org.apache.velocity.runtime.resource.loader.ClasspathResourceLoader: ClasspathResourceLoader Error: cannot find resource VM_global_library.vm
2016-02-17 15:21:25,746 - Velocimacro : Default library not found.
2016-02-17 15:21:25,746 - Velocimacro : allowInline = true : VMs can be defined inline in templates
2016-02-17 15:21:25,746 - Velocimacro : allowInlineToOverride = false : VMs defined inline may NOT replace previous VM definitions
2016-02-17 15:21:25,746 - Velocimacro : allowInlineLocal = false : VMs defined inline will be global in scope if allowed.
2016-02-17 15:21:25,746 - Velocimacro : autoload off : VM system will not automatically reload global library macros
2016-02-17 15:21:25,976 - ResourceManager : found template/model.vm with loader org.apache.velocity.runtime.resource.loader.ClasspathResourceLoader
2016-02-17 15:21:25,976 - ResourceManager : found template/mapper.vm with loader org.apache.velocity.runtime.resource.loader.ClasspathResourceLoader
2016-02-17 15:21:26,016 - ResourceManager : found template/provider.vm with loader org.apache.velocity.runtime.resource.loader.ClasspathResourceLoader
2016-02-17 15:21:26,026 - ResourceManager : found template/query.vm with loader org.apache.velocity.runtime.resource.loader.ClasspathResourceLoader
2016-02-17 15:21:26,026 - ResourceManager : found template/service.vm with loader org.apache.velocity.runtime.resource.loader.ClasspathResourceLoader
2016-02-17 15:21:26,026 - ResourceManager : found template/serviceImpl.vm with loader org.apache.velocity.runtime.resource.loader.ClasspathResourceLoader
2016-02-17 15:21:26,026 - Left side ($!{isDatabaseShard}) of '==' operation has null value. If it is a reference, it may not be in the context or its toString() returned null. template/serviceImpl.vm[line 24, column 39]
2016-02-17 15:21:26,026 - Left side ($!{isDatabaseShard}) of '==' operation has null value. If it is a reference, it may not be in the context or its toString() returned null. template/serviceImpl.vm[line 32, column 39]
2016-02-17 15:21:26,026 - Left side ($!{isDatabaseShard}) of '==' operation has null value. If it is a reference, it may not be in the context or its toString() returned null. template/serviceImpl.vm[line 38, column 35]
2016-02-17 15:21:26,026 - Left side ($!{isDatabaseShard}) of '==' operation has null value. If it is a reference, it may not be in the context or its toString() returned null. template/serviceImpl.vm[line 57, column 39]
2016-02-17 15:21:26,026 - Left side ($!{isDatabaseShard}) of '==' operation has null value. If it is a reference, it may not be in the context or its toString() returned null. template/serviceImpl.vm[line 65, column 39]
2016-02-17 15:21:26,026 - Left side ($!{isDatabaseShard}) of '==' operation has null value. If it is a reference, it may not be in the context or its toString() returned null. template/serviceImpl.vm[line 74, column 39]
2016-02-17 15:21:26,026 - Left side ($!{isDatabaseShard}) of '==' operation has null value. If it is a reference, it may not be in the context or its toString() returned null. template/serviceImpl.vm[line 83, column 39]
2016-02-17 15:21:26,026 - Left side ($!{isDatabaseShard}) of '==' operation has null value. If it is a reference, it may not be in the context or its toString() returned null. template/serviceImpl.vm[line 92, column 39]
2016-02-17 15:21:26,036 - ResourceManager : found template/mybatis_xml.vm with loader org.apache.velocity.runtime.resource.loader.ClasspathResourceLoader
2016-02-17 15:21:26,036 - Left side ($velocotyCount) of '==' operation has null value. If it is a reference, it may not be in the context or its toString() returned null. template/mybatis_xml.vm[line 9, column 41]
2016-02-17 15:21:26,036 - Left side ($velocotyCount) of '==' operation has null value. If it is a reference, it may not be in the context or its toString() returned null. template/mybatis_xml.vm[line 9, column 41]
2016-02-17 15:21:26,036 - Left side ($velocotyCount) of '==' operation has null value. If it is a reference, it may not be in the context or its toString() returned null. template/mybatis_xml.vm[line 9, column 41]
2016-02-17 15:21:26,036 - Left side ($velocotyCount) of '==' operation has null value. If it is a reference, it may not be in the context or its toString() returned null. template/mybatis_xml.vm[line 9, column 41]
2016-02-17 15:21:26,036 - Left side ($velocotyCount) of '==' operation has null value. If it is a reference, it may not be in the context or its toString() returned null. template/mybatis_xml.vm[line 9, column 41]
2016-02-17 15:21:26,036 - Left side ($velocotyCount) of '==' operation has null value. If it is a reference, it may not be in the context or its toString() returned null. template/mybatis_xml.vm[line 9, column 41]
2016-02-17 15:21:26,036 - Left side ($velocotyCount) of '==' operation has null value. If it is a reference, it may not be in the context or its toString() returned null. template/mybatis_xml.vm[line 9, column 41]
2016-02-17 15:40:06,601 - Log4JLogChute initialized using file 'velocity.log'
2016-02-17 15:40:06,601 - Initializing Velocity, Calling init()...
2016-02-17 15:40:06,601 - Starting Apache Velocity v1.7 (compiled: 2010-11-19 12:14:37)
2016-02-17 15:40:06,601 - Default Properties File: org\apache\velocity\runtime\defaults\velocity.properties
2016-02-17 15:40:06,601 - Trying to use logger class org.apache.velocity.runtime.log.AvalonLogChute
2016-02-17 15:40:06,601 - Target log system for org.apache.velocity.runtime.log.AvalonLogChute is not available (java.lang.NoClassDefFoundError: org/apache/log/format/Formatter).  Falling back to next log system...
2016-02-17 15:40:06,601 - Trying to use logger class org.apache.velocity.runtime.log.Log4JLogChute
2016-02-17 15:40:06,601 - Using logger class org.apache.velocity.runtime.log.Log4JLogChute
2016-02-17 15:40:06,611 - ResourceLoader instantiated: org.apache.velocity.runtime.resource.loader.ClasspathResourceLoader
2016-02-17 15:40:06,611 - ResourceCache: initialized (class org.apache.velocity.runtime.resource.ResourceCacheImpl) with class java.util.Collections$SynchronizedMap cache map.
2016-02-17 15:40:06,621 - Loaded System Directive: org.apache.velocity.runtime.directive.Stop
2016-02-17 15:40:06,621 - Loaded System Directive: org.apache.velocity.runtime.directive.Define
2016-02-17 15:40:06,621 - Loaded System Directive: org.apache.velocity.runtime.directive.Break
2016-02-17 15:40:06,621 - Loaded System Directive: org.apache.velocity.runtime.directive.Evaluate
2016-02-17 15:40:06,621 - Loaded System Directive: org.apache.velocity.runtime.directive.Literal
2016-02-17 15:40:06,621 - Loaded System Directive: org.apache.velocity.runtime.directive.Macro
2016-02-17 15:40:06,621 - Loaded System Directive: org.apache.velocity.runtime.directive.Parse
2016-02-17 15:40:06,621 - Loaded System Directive: org.apache.velocity.runtime.directive.Include
2016-02-17 15:40:06,621 - Loaded System Directive: org.apache.velocity.runtime.directive.Foreach
2016-02-17 15:40:06,641 - Created '20' parsers.
2016-02-17 15:40:06,651 - Velocimacro : "velocimacro.library" is not set.  Trying default library: VM_global_library.vm
2016-02-17 15:40:06,651 - Could not load resource 'VM_global_library.vm' from ResourceLoader org.apache.velocity.runtime.resource.loader.ClasspathResourceLoader: ClasspathResourceLoader Error: cannot find resource VM_global_library.vm
2016-02-17 15:40:06,651 - Velocimacro : Default library not found.
2016-02-17 15:40:06,651 - Velocimacro : allowInline = true : VMs can be defined inline in templates
2016-02-17 15:40:06,651 - Velocimacro : allowInlineToOverride = false : VMs defined inline may NOT replace previous VM definitions
2016-02-17 15:40:06,651 - Velocimacro : allowInlineLocal = false : VMs defined inline will be global in scope if allowed.
2016-02-17 15:40:06,651 - Velocimacro : autoload off : VM system will not automatically reload global library macros
2016-02-17 15:40:06,891 - ResourceManager : found template/model.vm with loader org.apache.velocity.runtime.resource.loader.ClasspathResourceLoader
2016-02-17 15:40:06,901 - ResourceManager : found template/mapper.vm with loader org.apache.velocity.runtime.resource.loader.ClasspathResourceLoader
2016-02-17 15:40:06,941 - ResourceManager : found template/provider.vm with loader org.apache.velocity.runtime.resource.loader.ClasspathResourceLoader
2016-02-17 15:40:06,941 - ResourceManager : found template/query.vm with loader org.apache.velocity.runtime.resource.loader.ClasspathResourceLoader
2016-02-17 15:40:06,951 - ResourceManager : found template/service.vm with loader org.apache.velocity.runtime.resource.loader.ClasspathResourceLoader
2016-02-17 15:40:06,951 - ResourceManager : found template/serviceImpl.vm with loader org.apache.velocity.runtime.resource.loader.ClasspathResourceLoader
2016-02-17 15:40:06,951 - Left side ($!{isDatabaseShard}) of '==' operation has null value. If it is a reference, it may not be in the context or its toString() returned null. template/serviceImpl.vm[line 25, column 39]
2016-02-17 15:40:06,951 - Left side ($!{isDatabaseShard}) of '==' operation has null value. If it is a reference, it may not be in the context or its toString() returned null. template/serviceImpl.vm[line 33, column 39]
2016-02-17 15:40:06,951 - Left side ($!{isDatabaseShard}) of '==' operation has null value. If it is a reference, it may not be in the context or its toString() returned null. template/serviceImpl.vm[line 39, column 35]
2016-02-17 15:40:06,951 - Left side ($!{isDatabaseShard}) of '==' operation has null value. If it is a reference, it may not be in the context or its toString() returned null. template/serviceImpl.vm[line 58, column 39]
2016-02-17 15:40:06,951 - Left side ($!{isDatabaseShard}) of '==' operation has null value. If it is a reference, it may not be in the context or its toString() returned null. template/serviceImpl.vm[line 66, column 39]
2016-02-17 15:40:06,951 - Left side ($!{isDatabaseShard}) of '==' operation has null value. If it is a reference, it may not be in the context or its toString() returned null. template/serviceImpl.vm[line 75, column 39]
2016-02-17 15:40:06,951 - Left side ($!{isDatabaseShard}) of '==' operation has null value. If it is a reference, it may not be in the context or its toString() returned null. template/serviceImpl.vm[line 84, column 39]
2016-02-17 15:40:06,951 - Left side ($!{isDatabaseShard}) of '==' operation has null value. If it is a reference, it may not be in the context or its toString() returned null. template/serviceImpl.vm[line 93, column 39]
2016-02-17 15:40:06,951 - ResourceManager : found template/mybatis_xml.vm with loader org.apache.velocity.runtime.resource.loader.ClasspathResourceLoader
2016-02-17 15:40:06,951 - Left side ($velocotyCount) of '==' operation has null value. If it is a reference, it may not be in the context or its toString() returned null. template/mybatis_xml.vm[line 9, column 41]
2016-02-17 15:40:06,951 - Left side ($velocotyCount) of '==' operation has null value. If it is a reference, it may not be in the context or its toString() returned null. template/mybatis_xml.vm[line 9, column 41]
2016-02-17 15:40:06,951 - Left side ($velocotyCount) of '==' operation has null value. If it is a reference, it may not be in the context or its toString() returned null. template/mybatis_xml.vm[line 9, column 41]
2016-02-17 15:40:06,951 - Left side ($velocotyCount) of '==' operation has null value. If it is a reference, it may not be in the context or its toString() returned null. template/mybatis_xml.vm[line 9, column 41]
2016-02-17 15:40:06,951 - Left side ($velocotyCount) of '==' operation has null value. If it is a reference, it may not be in the context or its toString() returned null. template/mybatis_xml.vm[line 9, column 41]
2016-02-17 15:40:06,951 - Left side ($velocotyCount) of '==' operation has null value. If it is a reference, it may not be in the context or its toString() returned null. template/mybatis_xml.vm[line 9, column 41]
2016-02-17 15:40:06,951 - Left side ($velocotyCount) of '==' operation has null value. If it is a reference, it may not be in the context or its toString() returned null. template/mybatis_xml.vm[line 9, column 41]
2016-02-17 15:40:06,951 - Left side ($velocotyCount) of '==' operation has null value. If it is a reference, it may not be in the context or its toString() returned null. template/mybatis_xml.vm[line 9, column 41]
2016-02-17 16:10:07,974 - Log4JLogChute initialized using file 'velocity.log'
2016-02-17 16:10:07,974 - Initializing Velocity, Calling init()...
2016-02-17 16:10:07,974 - Starting Apache Velocity v1.7 (compiled: 2010-11-19 12:14:37)
2016-02-17 16:10:07,974 - Default Properties File: org\apache\velocity\runtime\defaults\velocity.properties
2016-02-17 16:10:07,974 - Trying to use logger class org.apache.velocity.runtime.log.AvalonLogChute
2016-02-17 16:10:07,974 - Target log system for org.apache.velocity.runtime.log.AvalonLogChute is not available (java.lang.NoClassDefFoundError: org/apache/log/format/Formatter).  Falling back to next log system...
2016-02-17 16:10:07,974 - Trying to use logger class org.apache.velocity.runtime.log.Log4JLogChute
2016-02-17 16:10:07,974 - Using logger class org.apache.velocity.runtime.log.Log4JLogChute
2016-02-17 16:10:07,974 - ResourceLoader instantiated: org.apache.velocity.runtime.resource.loader.ClasspathResourceLoader
2016-02-17 16:10:07,984 - ResourceCache: initialized (class org.apache.velocity.runtime.resource.ResourceCacheImpl) with class java.util.Collections$SynchronizedMap cache map.
2016-02-17 16:10:07,984 - Loaded System Directive: org.apache.velocity.runtime.directive.Stop
2016-02-17 16:10:07,984 - Loaded System Directive: org.apache.velocity.runtime.directive.Define
2016-02-17 16:10:07,984 - Loaded System Directive: org.apache.velocity.runtime.directive.Break
2016-02-17 16:10:07,984 - Loaded System Directive: org.apache.velocity.runtime.directive.Evaluate
2016-02-17 16:10:07,984 - Loaded System Directive: org.apache.velocity.runtime.directive.Literal
2016-02-17 16:10:07,984 - Loaded System Directive: org.apache.velocity.runtime.directive.Macro
2016-02-17 16:10:07,994 - Loaded System Directive: org.apache.velocity.runtime.directive.Parse
2016-02-17 16:10:07,994 - Loaded System Directive: org.apache.velocity.runtime.directive.Include
2016-02-17 16:10:07,994 - Loaded System Directive: org.apache.velocity.runtime.directive.Foreach
2016-02-17 16:10:08,014 - Created '20' parsers.
2016-02-17 16:10:08,024 - Velocimacro : "velocimacro.library" is not set.  Trying default library: VM_global_library.vm
2016-02-17 16:10:08,024 - Could not load resource 'VM_global_library.vm' from ResourceLoader org.apache.velocity.runtime.resource.loader.ClasspathResourceLoader: ClasspathResourceLoader Error: cannot find resource VM_global_library.vm
2016-02-17 16:10:08,024 - Velocimacro : Default library not found.
2016-02-17 16:10:08,024 - Velocimacro : allowInline = true : VMs can be defined inline in templates
2016-02-17 16:10:08,024 - Velocimacro : allowInlineToOverride = false : VMs defined inline may NOT replace previous VM definitions
2016-02-17 16:10:08,024 - Velocimacro : allowInlineLocal = false : VMs defined inline will be global in scope if allowed.
2016-02-17 16:10:08,024 - Velocimacro : autoload off : VM system will not automatically reload global library macros
2016-02-17 16:10:08,264 - ResourceManager : found template/model.vm with loader org.apache.velocity.runtime.resource.loader.ClasspathResourceLoader
2016-02-17 16:10:08,274 - ResourceManager : found template/mapper.vm with loader org.apache.velocity.runtime.resource.loader.ClasspathResourceLoader
2016-02-17 16:10:08,324 - ResourceManager : found template/provider.vm with loader org.apache.velocity.runtime.resource.loader.ClasspathResourceLoader
2016-02-17 16:10:08,324 - ResourceManager : found template/query.vm with loader org.apache.velocity.runtime.resource.loader.ClasspathResourceLoader
2016-02-17 16:10:08,324 - ResourceManager : found template/service.vm with loader org.apache.velocity.runtime.resource.loader.ClasspathResourceLoader
2016-02-17 16:10:08,334 - ResourceManager : found template/serviceImpl.vm with loader org.apache.velocity.runtime.resource.loader.ClasspathResourceLoader
2016-02-17 16:10:08,334 - Left side ($!{isDatabaseShard}) of '==' operation has null value. If it is a reference, it may not be in the context or its toString() returned null. template/serviceImpl.vm[line 25, column 39]
2016-02-17 16:10:08,334 - Left side ($!{isDatabaseShard}) of '==' operation has null value. If it is a reference, it may not be in the context or its toString() returned null. template/serviceImpl.vm[line 33, column 39]
2016-02-17 16:10:08,334 - Left side ($!{isDatabaseShard}) of '==' operation has null value. If it is a reference, it may not be in the context or its toString() returned null. template/serviceImpl.vm[line 39, column 35]
2016-02-17 16:10:08,334 - Left side ($!{isDatabaseShard}) of '==' operation has null value. If it is a reference, it may not be in the context or its toString() returned null. template/serviceImpl.vm[line 58, column 39]
2016-02-17 16:10:08,334 - Left side ($!{isDatabaseShard}) of '==' operation has null value. If it is a reference, it may not be in the context or its toString() returned null. template/serviceImpl.vm[line 66, column 39]
2016-02-17 16:10:08,334 - Left side ($!{isDatabaseShard}) of '==' operation has null value. If it is a reference, it may not be in the context or its toString() returned null. template/serviceImpl.vm[line 75, column 39]
2016-02-17 16:10:08,334 - Left side ($!{isDatabaseShard}) of '==' operation has null value. If it is a reference, it may not be in the context or its toString() returned null. template/serviceImpl.vm[line 84, column 39]
2016-02-17 16:10:08,334 - Left side ($!{isDatabaseShard}) of '==' operation has null value. If it is a reference, it may not be in the context or its toString() returned null. template/serviceImpl.vm[line 93, column 39]
2016-02-17 16:10:08,334 - ResourceManager : found template/mybatis_xml.vm with loader org.apache.velocity.runtime.resource.loader.ClasspathResourceLoader
2016-02-17 16:10:08,334 - Left side ($velocotyCount) of '==' operation has null value. If it is a reference, it may not be in the context or its toString() returned null. template/mybatis_xml.vm[line 9, column 41]
2016-02-17 16:10:08,334 - Left side ($velocotyCount) of '==' operation has null value. If it is a reference, it may not be in the context or its toString() returned null. template/mybatis_xml.vm[line 9, column 41]
2016-02-17 16:10:08,334 - Left side ($velocotyCount) of '==' operation has null value. If it is a reference, it may not be in the context or its toString() returned null. template/mybatis_xml.vm[line 9, column 41]
2016-02-17 16:10:08,334 - Left side ($velocotyCount) of '==' operation has null value. If it is a reference, it may not be in the context or its toString() returned null. template/mybatis_xml.vm[line 9, column 41]
2016-02-17 16:10:08,334 - Left side ($velocotyCount) of '==' operation has null value. If it is a reference, it may not be in the context or its toString() returned null. template/mybatis_xml.vm[line 9, column 41]
2016-02-17 16:10:08,334 - Left side ($velocotyCount) of '==' operation has null value. If it is a reference, it may not be in the context or its toString() returned null. template/mybatis_xml.vm[line 9, column 41]
2016-02-17 16:10:08,334 - Left side ($velocotyCount) of '==' operation has null value. If it is a reference, it may not be in the context or its toString() returned null. template/mybatis_xml.vm[line 9, column 41]
2016-02-17 16:10:08,334 - Left side ($velocotyCount) of '==' operation has null value. If it is a reference, it may not be in the context or its toString() returned null. template/mybatis_xml.vm[line 9, column 41]
2016-02-17 16:12:38,285 - Log4JLogChute initialized using file 'velocity.log'
2016-02-17 16:12:38,285 - Initializing Velocity, Calling init()...
2016-02-17 16:12:38,285 - Starting Apache Velocity v1.7 (compiled: 2010-11-19 12:14:37)
2016-02-17 16:12:38,285 - Default Properties File: org\apache\velocity\runtime\defaults\velocity.properties
2016-02-17 16:12:38,285 - Trying to use logger class org.apache.velocity.runtime.log.AvalonLogChute
2016-02-17 16:12:38,285 - Target log system for org.apache.velocity.runtime.log.AvalonLogChute is not available (java.lang.NoClassDefFoundError: org/apache/log/format/Formatter).  Falling back to next log system...
2016-02-17 16:12:38,285 - Trying to use logger class org.apache.velocity.runtime.log.Log4JLogChute
2016-02-17 16:12:38,285 - Using logger class org.apache.velocity.runtime.log.Log4JLogChute
2016-02-17 16:12:38,285 - ResourceLoader instantiated: org.apache.velocity.runtime.resource.loader.ClasspathResourceLoader
2016-02-17 16:12:38,295 - ResourceCache: initialized (class org.apache.velocity.runtime.resource.ResourceCacheImpl) with class java.util.Collections$SynchronizedMap cache map.
2016-02-17 16:12:38,295 - Loaded System Directive: org.apache.velocity.runtime.directive.Stop
2016-02-17 16:12:38,295 - Loaded System Directive: org.apache.velocity.runtime.directive.Define
2016-02-17 16:12:38,295 - Loaded System Directive: org.apache.velocity.runtime.directive.Break
2016-02-17 16:12:38,295 - Loaded System Directive: org.apache.velocity.runtime.directive.Evaluate
2016-02-17 16:12:38,305 - Loaded System Directive: org.apache.velocity.runtime.directive.Literal
2016-02-17 16:12:38,305 - Loaded System Directive: org.apache.velocity.runtime.directive.Macro
2016-02-17 16:12:38,305 - Loaded System Directive: org.apache.velocity.runtime.directive.Parse
2016-02-17 16:12:38,305 - Loaded System Directive: org.apache.velocity.runtime.directive.Include
2016-02-17 16:12:38,305 - Loaded System Directive: org.apache.velocity.runtime.directive.Foreach
2016-02-17 16:12:38,325 - Created '20' parsers.
2016-02-17 16:12:38,335 - Velocimacro : "velocimacro.library" is not set.  Trying default library: VM_global_library.vm
2016-02-17 16:12:38,335 - Could not load resource 'VM_global_library.vm' from ResourceLoader org.apache.velocity.runtime.resource.loader.ClasspathResourceLoader: ClasspathResourceLoader Error: cannot find resource VM_global_library.vm
2016-02-17 16:12:38,335 - Velocimacro : Default library not found.
2016-02-17 16:12:38,335 - Velocimacro : allowInline = true : VMs can be defined inline in templates
2016-02-17 16:12:38,335 - Velocimacro : allowInlineToOverride = false : VMs defined inline may NOT replace previous VM definitions
2016-02-17 16:12:38,335 - Velocimacro : allowInlineLocal = false : VMs defined inline will be global in scope if allowed.
2016-02-17 16:12:38,335 - Velocimacro : autoload off : VM system will not automatically reload global library macros
2016-02-17 16:12:38,585 - ResourceManager : found template/model.vm with loader org.apache.velocity.runtime.resource.loader.ClasspathResourceLoader
2016-02-17 16:12:38,595 - ResourceManager : found template/mapper.vm with loader org.apache.velocity.runtime.resource.loader.ClasspathResourceLoader
2016-02-17 16:12:38,645 - ResourceManager : found template/provider.vm with loader org.apache.velocity.runtime.resource.loader.ClasspathResourceLoader
2016-02-17 16:12:38,645 - ResourceManager : found template/query.vm with loader org.apache.velocity.runtime.resource.loader.ClasspathResourceLoader
2016-02-17 16:12:38,645 - ResourceManager : found template/service.vm with loader org.apache.velocity.runtime.resource.loader.ClasspathResourceLoader
2016-02-17 16:12:38,655 - ResourceManager : found template/serviceImpl.vm with loader org.apache.velocity.runtime.resource.loader.ClasspathResourceLoader
2016-02-17 16:12:38,655 - Left side ($!{isDatabaseShard}) of '==' operation has null value. If it is a reference, it may not be in the context or its toString() returned null. template/serviceImpl.vm[line 25, column 39]
2016-02-17 16:12:38,655 - Left side ($!{isDatabaseShard}) of '==' operation has null value. If it is a reference, it may not be in the context or its toString() returned null. template/serviceImpl.vm[line 33, column 39]
2016-02-17 16:12:38,655 - Left side ($!{isDatabaseShard}) of '==' operation has null value. If it is a reference, it may not be in the context or its toString() returned null. template/serviceImpl.vm[line 39, column 35]
2016-02-17 16:12:38,655 - Left side ($!{isDatabaseShard}) of '==' operation has null value. If it is a reference, it may not be in the context or its toString() returned null. template/serviceImpl.vm[line 58, column 39]
2016-02-17 16:12:38,655 - Left side ($!{isDatabaseShard}) of '==' operation has null value. If it is a reference, it may not be in the context or its toString() returned null. template/serviceImpl.vm[line 66, column 39]
2016-02-17 16:12:38,655 - Left side ($!{isDatabaseShard}) of '==' operation has null value. If it is a reference, it may not be in the context or its toString() returned null. template/serviceImpl.vm[line 75, column 39]
2016-02-17 16:12:38,655 - Left side ($!{isDatabaseShard}) of '==' operation has null value. If it is a reference, it may not be in the context or its toString() returned null. template/serviceImpl.vm[line 84, column 39]
2016-02-17 16:12:38,655 - Left side ($!{isDatabaseShard}) of '==' operation has null value. If it is a reference, it may not be in the context or its toString() returned null. template/serviceImpl.vm[line 93, column 39]
2016-02-17 16:12:38,655 - ResourceManager : found template/mybatis_xml.vm with loader org.apache.velocity.runtime.resource.loader.ClasspathResourceLoader
2016-02-17 16:12:38,655 - Left side ($velocotyCount) of '==' operation has null value. If it is a reference, it may not be in the context or its toString() returned null. template/mybatis_xml.vm[line 9, column 41]
2016-02-17 16:12:38,655 - Left side ($velocotyCount) of '==' operation has null value. If it is a reference, it may not be in the context or its toString() returned null. template/mybatis_xml.vm[line 9, column 41]
2016-02-17 16:12:38,655 - Left side ($velocotyCount) of '==' operation has null value. If it is a reference, it may not be in the context or its toString() returned null. template/mybatis_xml.vm[line 9, column 41]
2016-02-17 16:12:38,655 - Left side ($velocotyCount) of '==' operation has null value. If it is a reference, it may not be in the context or its toString() returned null. template/mybatis_xml.vm[line 9, column 41]
2016-02-17 16:12:38,655 - Left side ($velocotyCount) of '==' operation has null value. If it is a reference, it may not be in the context or its toString() returned null. template/mybatis_xml.vm[line 9, column 41]
2016-02-17 16:12:38,655 - Left side ($velocotyCount) of '==' operation has null value. If it is a reference, it may not be in the context or its toString() returned null. template/mybatis_xml.vm[line 9, column 41]
2016-02-17 16:12:38,655 - Left side ($velocotyCount) of '==' operation has null value. If it is a reference, it may not be in the context or its toString() returned null. template/mybatis_xml.vm[line 9, column 41]
2016-02-18 11:19:15,056 - Log4JLogChute initialized using file 'velocity.log'
2016-02-18 11:19:15,056 - Initializing Velocity, Calling init()...
2016-02-18 11:19:15,056 - Starting Apache Velocity v1.7 (compiled: 2010-11-19 12:14:37)
2016-02-18 11:19:15,056 - Default Properties File: org\apache\velocity\runtime\defaults\velocity.properties
2016-02-18 11:19:15,056 - Trying to use logger class org.apache.velocity.runtime.log.AvalonLogChute
2016-02-18 11:19:15,056 - Target log system for org.apache.velocity.runtime.log.AvalonLogChute is not available (java.lang.NoClassDefFoundError: org/apache/log/format/Formatter).  Falling back to next log system...
2016-02-18 11:19:15,056 - Trying to use logger class org.apache.velocity.runtime.log.Log4JLogChute
2016-02-18 11:19:15,056 - Using logger class org.apache.velocity.runtime.log.Log4JLogChute
2016-02-18 11:19:15,066 - ResourceLoader instantiated: org.apache.velocity.runtime.resource.loader.ClasspathResourceLoader
2016-02-18 11:19:15,076 - ResourceCache: initialized (class org.apache.velocity.runtime.resource.ResourceCacheImpl) with class java.util.Collections$SynchronizedMap cache map.
2016-02-18 11:19:15,076 - Loaded System Directive: org.apache.velocity.runtime.directive.Stop
2016-02-18 11:19:15,076 - Loaded System Directive: org.apache.velocity.runtime.directive.Define
2016-02-18 11:19:15,076 - Loaded System Directive: org.apache.velocity.runtime.directive.Break
2016-02-18 11:19:15,076 - Loaded System Directive: org.apache.velocity.runtime.directive.Evaluate
2016-02-18 11:19:15,076 - Loaded System Directive: org.apache.velocity.runtime.directive.Literal
2016-02-18 11:19:15,076 - Loaded System Directive: org.apache.velocity.runtime.directive.Macro
2016-02-18 11:19:15,076 - Loaded System Directive: org.apache.velocity.runtime.directive.Parse
2016-02-18 11:19:15,076 - Loaded System Directive: org.apache.velocity.runtime.directive.Include
2016-02-18 11:19:15,076 - Loaded System Directive: org.apache.velocity.runtime.directive.Foreach
2016-02-18 11:19:15,096 - Created '20' parsers.
2016-02-18 11:19:15,106 - Velocimacro : "velocimacro.library" is not set.  Trying default library: VM_global_library.vm
2016-02-18 11:19:15,106 - Could not load resource 'VM_global_library.vm' from ResourceLoader org.apache.velocity.runtime.resource.loader.ClasspathResourceLoader: ClasspathResourceLoader Error: cannot find resource VM_global_library.vm
2016-02-18 11:19:15,106 - Velocimacro : Default library not found.
2016-02-18 11:19:15,106 - Velocimacro : allowInline = true : VMs can be defined inline in templates
2016-02-18 11:19:15,106 - Velocimacro : allowInlineToOverride = false : VMs defined inline may NOT replace previous VM definitions
2016-02-18 11:19:15,106 - Velocimacro : allowInlineLocal = false : VMs defined inline will be global in scope if allowed.
2016-02-18 11:19:15,106 - Velocimacro : autoload off : VM system will not automatically reload global library macros
2016-02-18 11:19:15,376 - ResourceManager : found template/model.vm with loader org.apache.velocity.runtime.resource.loader.ClasspathResourceLoader
2016-02-18 11:19:15,396 - ResourceManager : found template/mapper.vm with loader org.apache.velocity.runtime.resource.loader.ClasspathResourceLoader
2016-02-18 11:19:15,466 - ResourceManager : found template/provider.vm with loader org.apache.velocity.runtime.resource.loader.ClasspathResourceLoader
2016-02-18 11:19:15,466 - ResourceManager : found template/query.vm with loader org.apache.velocity.runtime.resource.loader.ClasspathResourceLoader
2016-02-18 11:19:15,476 - ResourceManager : found template/service.vm with loader org.apache.velocity.runtime.resource.loader.ClasspathResourceLoader
2016-02-18 11:19:15,486 - ResourceManager : found template/serviceImpl.vm with loader org.apache.velocity.runtime.resource.loader.ClasspathResourceLoader
2016-02-18 11:19:15,486 - Left side ($!{isDatabaseShard}) of '==' operation has null value. If it is a reference, it may not be in the context or its toString() returned null. template/serviceImpl.vm[line 25, column 39]
2016-02-18 11:19:15,486 - Left side ($!{isDatabaseShard}) of '==' operation has null value. If it is a reference, it may not be in the context or its toString() returned null. template/serviceImpl.vm[line 33, column 39]
2016-02-18 11:19:15,486 - Left side ($!{isDatabaseShard}) of '==' operation has null value. If it is a reference, it may not be in the context or its toString() returned null. template/serviceImpl.vm[line 39, column 35]
2016-02-18 11:19:15,486 - Left side ($!{isDatabaseShard}) of '==' operation has null value. If it is a reference, it may not be in the context or its toString() returned null. template/serviceImpl.vm[line 58, column 39]
2016-02-18 11:19:15,486 - Left side ($!{isDatabaseShard}) of '==' operation has null value. If it is a reference, it may not be in the context or its toString() returned null. template/serviceImpl.vm[line 66, column 39]
2016-02-18 11:19:15,486 - Left side ($!{isDatabaseShard}) of '==' operation has null value. If it is a reference, it may not be in the context or its toString() returned null. template/serviceImpl.vm[line 75, column 39]
2016-02-18 11:19:15,486 - Left side ($!{isDatabaseShard}) of '==' operation has null value. If it is a reference, it may not be in the context or its toString() returned null. template/serviceImpl.vm[line 84, column 39]
2016-02-18 11:19:15,486 - Left side ($!{isDatabaseShard}) of '==' operation has null value. If it is a reference, it may not be in the context or its toString() returned null. template/serviceImpl.vm[line 93, column 39]
2016-02-18 11:19:15,496 - ResourceManager : found template/mybatis_xml.vm with loader org.apache.velocity.runtime.resource.loader.ClasspathResourceLoader
2016-02-18 11:19:15,496 - Left side ($velocotyCount) of '==' operation has null value. If it is a reference, it may not be in the context or its toString() returned null. template/mybatis_xml.vm[line 9, column 41]
2016-02-18 11:19:15,496 - Left side ($velocotyCount) of '==' operation has null value. If it is a reference, it may not be in the context or its toString() returned null. template/mybatis_xml.vm[line 9, column 41]
2016-02-18 11:19:15,496 - Left side ($velocotyCount) of '==' operation has null value. If it is a reference, it may not be in the context or its toString() returned null. template/mybatis_xml.vm[line 9, column 41]
2016-02-18 11:19:15,496 - Left side ($velocotyCount) of '==' operation has null value. If it is a reference, it may not be in the context or its toString() returned null. template/mybatis_xml.vm[line 9, column 41]
2016-02-18 11:19:15,496 - Left side ($velocotyCount) of '==' operation has null value. If it is a reference, it may not be in the context or its toString() returned null. template/mybatis_xml.vm[line 9, column 41]
2016-02-18 11:19:15,496 - Left side ($velocotyCount) of '==' operation has null value. If it is a reference, it may not be in the context or its toString() returned null. template/mybatis_xml.vm[line 9, column 41]
2016-02-18 11:19:15,496 - Left side ($velocotyCount) of '==' operation has null value. If it is a reference, it may not be in the context or its toString() returned null. template/mybatis_xml.vm[line 9, column 41]
